{"contracts/ConvertLib.sol":{"l":{"6":1},"path":"/Users/angushamill/Documents/coverageTest/contracts/ConvertLib.sol","s":{"1":1},"b":{},"f":{"1":1},"fnMap":{"1":{"name":"convert","line":4,"loc":{"start":{"line":4,"column":1},"end":{"line":5,"column":2}}}},"statementMap":{"1":{"start":{"line":6,"column":2},"end":{"line":6,"column":32}}},"branchMap":{}},"contracts/MetaCoin.sol":{"l":{"16":3,"20":1,"21":0,"23":0,"25":0,"27":0,"29":1,"30":1,"31":1,"33":1,"34":1,"38":1,"42":9},"path":"/Users/angushamill/Documents/coverageTest/contracts/MetaCoin.sol","s":{"1":3,"2":1,"3":0,"4":1,"5":0,"6":1,"7":0,"8":1,"9":0,"10":1,"11":1,"12":1,"13":1,"14":1,"15":1,"16":9},"b":{"1":[0,0],"2":[0,0],"3":[0,0],"4":[0,1],"5":[1,0]},"f":{"1":3,"2":1,"3":1,"4":9},"fnMap":{"1":{"name":"constructor","line":15,"loc":{"start":{"line":15,"column":1},"end":{"line":15,"column":22}}},"2":{"name":"sendCoin","line":19,"loc":{"start":{"line":19,"column":1},"end":{"line":19,"column":82}}},"3":{"name":"getBalanceInEth","line":37,"loc":{"start":{"line":37,"column":1},"end":{"line":37,"column":65}}},"4":{"name":"getBalance","line":41,"loc":{"start":{"line":41,"column":1},"end":{"line":41,"column":61}}}},"statementMap":{"1":{"start":{"line":16,"column":2},"end":{"line":16,"column":28}},"2":{"start":{"line":20,"column":2},"end":{"line":20,"column":621}},"3":{"start":{"line":21,"column":3},"end":{"line":21,"column":15}},"4":{"start":{"line":22,"column":7},"end":{"line":22,"column":680}},"5":{"start":{"line":23,"column":3},"end":{"line":23,"column":15}},"6":{"start":{"line":24,"column":7},"end":{"line":24,"column":721}},"7":{"start":{"line":25,"column":3},"end":{"line":25,"column":15}},"8":{"start":{"line":26,"column":7},"end":{"line":26,"column":792}},"9":{"start":{"line":27,"column":3},"end":{"line":27,"column":15}},"10":{"start":{"line":29,"column":2},"end":{"line":29,"column":31}},"11":{"start":{"line":30,"column":2},"end":{"line":30,"column":29}},"12":{"start":{"line":31,"column":2},"end":{"line":31,"column":45}},"13":{"start":{"line":33,"column":2},"end":{"line":33,"column":950}},"14":{"start":{"line":34,"column":3},"end":{"line":34,"column":19}},"15":{"start":{"line":38,"column":2},"end":{"line":38,"column":47}},"16":{"start":{"line":42,"column":2},"end":{"line":42,"column":23}}},"branchMap":{"1":{"line":20,"type":"if","locations":[{"start":{"line":20,"column":2},"end":{"line":20,"column":2}},{"start":{"line":20,"column":2},"end":{"line":20,"column":2}}]},"2":{"line":22,"type":"if","locations":[{"start":{"line":22,"column":7},"end":{"line":22,"column":7}},{"start":{"line":22,"column":7},"end":{"line":22,"column":7}}]},"3":{"line":24,"type":"if","locations":[{"start":{"line":24,"column":7},"end":{"line":24,"column":7}},{"start":{"line":24,"column":7},"end":{"line":24,"column":7}}]},"4":{"line":26,"type":"if","locations":[{"start":{"line":26,"column":7},"end":{"line":26,"column":7}},{"start":{"line":26,"column":7},"end":{"line":26,"column":7}}]},"5":{"line":33,"type":"if","locations":[{"start":{"line":33,"column":2},"end":{"line":33,"column":2}},{"start":{"line":33,"column":2},"end":{"line":33,"column":2}}]}}}}